2018-10-11 14:51:37 [scrapy.utils.log] INFO: Scrapy 1.3.3 started (bot: dianping)
2018-10-11 14:51:37 [scrapy.utils.log] INFO: Overridden settings: {'BOT_NAME': 'dianping', 'LOG_FILE': 'scrapy.log', 'LOG_LEVEL': 'INFO', 'NEWSPIDER_MODULE': 'dianping.spiders', 'SPIDER_MODULES': ['dianping.spiders']}
2018-10-11 14:51:37 [scrapy.middleware] INFO: Enabled extensions:
['scrapy.extensions.corestats.CoreStats',
 'scrapy.extensions.telnet.TelnetConsole',
 'scrapy.extensions.logstats.LogStats']
2018-10-11 14:51:38 [scrapy.middleware] INFO: Enabled downloader middlewares:
['scrapy.downloadermiddlewares.httpauth.HttpAuthMiddleware',
 'scrapy.downloadermiddlewares.downloadtimeout.DownloadTimeoutMiddleware',
 'scrapy.downloadermiddlewares.defaultheaders.DefaultHeadersMiddleware',
 'scrapy.downloadermiddlewares.useragent.UserAgentMiddleware',
 'scrapy.downloadermiddlewares.retry.RetryMiddleware',
 'scrapy.downloadermiddlewares.redirect.MetaRefreshMiddleware',
 'scrapy.downloadermiddlewares.httpcompression.HttpCompressionMiddleware',
 'scrapy.downloadermiddlewares.redirect.RedirectMiddleware',
 'scrapy.downloadermiddlewares.cookies.CookiesMiddleware',
 'scrapy.downloadermiddlewares.httpproxy.HttpProxyMiddleware',
 'scrapy.downloadermiddlewares.stats.DownloaderStats']
2018-10-11 14:51:38 [scrapy.middleware] INFO: Enabled spider middlewares:
['scrapy.spidermiddlewares.httperror.HttpErrorMiddleware',
 'scrapy.spidermiddlewares.offsite.OffsiteMiddleware',
 'scrapy.spidermiddlewares.referer.RefererMiddleware',
 'scrapy.spidermiddlewares.urllength.UrlLengthMiddleware',
 'scrapy.spidermiddlewares.depth.DepthMiddleware']
2018-10-11 14:51:38 [scrapy.middleware] INFO: Enabled item pipelines:
['dianping.pipelines.DianpingPipeline']
2018-10-11 14:51:38 [scrapy.core.engine] INFO: Spider opened
2018-10-11 14:51:38 [scrapy.extensions.logstats] INFO: Crawled 0 pages (at 0 pages/min), scraped 0 items (at 0 items/min)
2018-10-11 14:51:49 [scrapy.spidermiddlewares.httperror] INFO: Ignoring response <404 http://www.dianping.com/shanghai/ch10/g115>: HTTP status code is not handled or not allowed
2018-10-11 14:52:12 [scrapy.crawler] INFO: Received SIG_UNBLOCK, shutting down gracefully. Send again to force 
2018-10-11 14:52:12 [scrapy.core.engine] INFO: Closing spider (shutdown)
2018-10-11 14:52:16 [scrapy.crawler] INFO: Received SIG_UNBLOCK twice, forcing unclean shutdown
2018-10-11 14:52:16 [scrapy.statscollectors] INFO: Dumping Scrapy stats:
{'downloader/exception_count': 3,
 'downloader/exception_type_count/twisted.web._newclient.ResponseFailed': 2,
 'downloader/exception_type_count/twisted.web._newclient.ResponseNeverReceived': 1,
 'downloader/request_bytes': 507741,
 'downloader/request_count': 540,
 'downloader/request_method_count/GET': 540,
 'downloader/response_bytes': 5868615,
 'downloader/response_count': 537,
 'downloader/response_status_count/200': 170,
 'downloader/response_status_count/403': 366,
 'downloader/response_status_count/404': 1,
 'dupefilter/filtered': 49,
 'finish_reason': 'shutdown',
 'finish_time': datetime.datetime(2018, 10, 11, 6, 52, 16, 942591),
 'item_scraped_count': 417,
 'log_count/INFO': 10,
 'request_depth_max': 2,
 'response_received_count': 537,
 'scheduler/dequeued': 540,
 'scheduler/dequeued/memory': 540,
 'scheduler/enqueued': 596,
 'scheduler/enqueued/memory': 596,
 'start_time': datetime.datetime(2018, 10, 11, 6, 51, 38, 955294)}
2018-10-11 14:52:16 [scrapy.core.engine] INFO: Spider closed (shutdown)
2018-10-15 11:38:16 [scrapy.utils.log] INFO: Scrapy 1.3.3 started (bot: dianping)
2018-10-15 11:38:16 [scrapy.utils.log] INFO: Overridden settings: {'BOT_NAME': 'dianping', 'LOG_FILE': 'scrapy.log', 'LOG_LEVEL': 'INFO', 'NEWSPIDER_MODULE': 'dianping.spiders', 'SPIDER_MODULES': ['dianping.spiders']}
2018-10-15 11:38:16 [scrapy.middleware] INFO: Enabled extensions:
['scrapy.extensions.corestats.CoreStats',
 'scrapy.extensions.telnet.TelnetConsole',
 'scrapy.extensions.logstats.LogStats']
2018-10-15 11:38:19 [scrapy.middleware] INFO: Enabled downloader middlewares:
['scrapy.downloadermiddlewares.httpauth.HttpAuthMiddleware',
 'scrapy.downloadermiddlewares.downloadtimeout.DownloadTimeoutMiddleware',
 'scrapy.downloadermiddlewares.defaultheaders.DefaultHeadersMiddleware',
 'scrapy.downloadermiddlewares.useragent.UserAgentMiddleware',
 'scrapy.downloadermiddlewares.retry.RetryMiddleware',
 'scrapy.downloadermiddlewares.redirect.MetaRefreshMiddleware',
 'scrapy.downloadermiddlewares.httpcompression.HttpCompressionMiddleware',
 'scrapy.downloadermiddlewares.redirect.RedirectMiddleware',
 'scrapy.downloadermiddlewares.cookies.CookiesMiddleware',
 'scrapy.downloadermiddlewares.stats.DownloaderStats']
2018-10-15 11:38:20 [scrapy.middleware] INFO: Enabled spider middlewares:
['scrapy.spidermiddlewares.httperror.HttpErrorMiddleware',
 'scrapy.spidermiddlewares.offsite.OffsiteMiddleware',
 'scrapy.spidermiddlewares.referer.RefererMiddleware',
 'scrapy.spidermiddlewares.urllength.UrlLengthMiddleware',
 'scrapy.spidermiddlewares.depth.DepthMiddleware']
2018-10-15 11:38:20 [scrapy.middleware] INFO: Enabled item pipelines:
['dianping.pipelines.DianpingPipeline']
2018-10-15 11:38:20 [scrapy.core.engine] INFO: Spider opened
2018-10-15 11:38:20 [scrapy.extensions.logstats] INFO: Crawled 0 pages (at 0 pages/min), scraped 0 items (at 0 items/min)
2018-10-15 11:38:22 [scrapy.spidermiddlewares.httperror] INFO: Ignoring response <400 http://www.dianping.com/ajax/json/shopDynamic/reviewAndStar?shopId=92976349&cityId=1&mainCategoryId=116&_token=eJx1T8tOwzAQ%2FJc9W7Hd2LGJxKEvoIUUKQ1BUPVgkpJYkDSNI9IW8e9sRTlwQFppHjsa7X5CO8sh5IwxwQl8bFoIgXvMC4BA53AjB1r6SgaC%2B5pA9teTviDw0qYTCFdaKKI0W5%2BMGPWKC8HIBUPnh2ql1mQgcE6ZGUag7LompLTvey%2B3pm5sXXjZtqKu3DY04FpIxvCQ%2F2OmLkpjaVZyBthaJdiK%2BHZGc8buV0f4HhY6W9TINvN9snTC7V7jyCXpw4H50fFmcX83fV8cD3o83luzi9NajrJh9Wiur6ypRsXz7XCq5pP86RK%2BvgGAxFs4&uuid=5e1b57b5-5aa8-f895-665c-018d847a34b2.1527410439&platform=1&partner=150&originUrl=http%3A%2F%2Fwww.dianping.com%2Fshop%2F92976349>: HTTP status code is not handled or not allowed
2018-10-15 11:38:24 [scrapy.spidermiddlewares.httperror] INFO: Ignoring response <400 http://www.dianping.com/ajax/json/shopDynamic/reviewAndStar?shopId=93596507&cityId=1&mainCategoryId=116&_token=eJx1T8tOwzAQ%2FJc9W7Hd2LGJxKEvoIUUKQ1BUPVgkpJYkDSNI9IW8e9sRTlwQFppHjsa7X5CO8sh5IwxwQl8bFoIgXvMC4BA53AjB1r6SgaC%2B5pA9teTviDw0qYTCFdaKKI0W5%2BMGPWKC8HIBUPnh2ql1mQgcE6ZGUag7LompLTvey%2B3pm5sXXjZtqKu3DY04FpIxvCQ%2F2OmLkpjaVZyBthaJdiK%2BHZGc8buV0f4HhY6W9TINvN9snTC7V7jyCXpw4H50fFmcX83fV8cD3o83luzi9NajrJh9Wiur6ypRsXz7XCq5pP86RK%2BvgGAxFs4&uuid=5e1b57b5-5aa8-f895-665c-018d847a34b2.1527410439&platform=1&partner=150&originUrl=http%3A%2F%2Fwww.dianping.com%2Fshop%2F93596507>: HTTP status code is not handled or not allowed
2018-10-15 11:38:26 [scrapy.core.engine] INFO: Closing spider (finished)
2018-10-15 11:38:26 [scrapy.statscollectors] INFO: Dumping Scrapy stats:
{'downloader/request_bytes': 358875,
 'downloader/request_count': 441,
 'downloader/request_method_count/GET': 441,
 'downloader/response_bytes': 1073847,
 'downloader/response_count': 441,
 'downloader/response_status_count/200': 430,
 'downloader/response_status_count/400': 2,
 'downloader/response_status_count/403': 9,
 'dupefilter/filtered': 5,
 'finish_reason': 'finished',
 'finish_time': datetime.datetime(2018, 10, 15, 3, 38, 26, 846842),
 'item_scraped_count': 221,
 'log_count/INFO': 9,
 'request_depth_max': 2,
 'response_received_count': 441,
 'scheduler/dequeued': 441,
 'scheduler/dequeued/memory': 441,
 'scheduler/enqueued': 441,
 'scheduler/enqueued/memory': 441,
 'start_time': datetime.datetime(2018, 10, 15, 3, 38, 20, 23570)}
2018-10-15 11:38:26 [scrapy.core.engine] INFO: Spider closed (finished)
